<?xml version="1.0" encoding="UTF-8"?>
<testsuite xmlns:xsi="http://www.w3.org/2001/XMLSchema-instance" xsi:noNamespaceSchemaLocation="https://maven.apache.org/surefire/maven-surefire-plugin/xsd/surefire-test-report-3.0.xsd" version="3.0" name="com.thxran.dropbox.DropboxApplicationTests" time="19.028" tests="1" errors="0" skipped="0" failures="0">
  <properties>
[...]
</properties>
  <testcase name="contextLoads" classname="com.thxran.dropbox.DropboxApplicationTests" time="1.125">
    <system-out><![CDATA[14:30:43.125 [main] INFO org.springframework.test.context.support.AnnotationConfigContextLoaderUtils -- Could not detect default configuration classes for test class [com.thxran.dropbox.DropboxApplicationTests]: DropboxApplicationTests does not declare any static, non-private, non-final, nested classes annotated with @Configuration.
14:30:43.359 [main] INFO org.springframework.boot.test.context.SpringBootTestContextBootstrapper -- Found @SpringBootConfiguration com.thxran.dropbox.DropboxApplication for test class com.thxran.dropbox.DropboxApplicationTests

  .   ____          _            __ _ _
 /\\ / ___'_ __ _ _(_)_ __  __ _ \ \ \ \
( ( )\___ | '_ | '_| | '_ \/ _` | \ \ \ \
 \\/  ___)| |_)| | | | | || (_| |  ) ) ) )
  '  |____| .__|_| |_|_| |_\__, | / / / /
 =========|_|==============|___/=/_/_/_/
 :: Spring Boot ::                (v3.2.5)

2024-05-17T14:30:44.937+05:30  INFO 12844 --- [dropbox] [           main] c.t.dropbox.DropboxApplicationTests      : Starting DropboxApplicationTests using Java 22.0.1 with PID 12844 (started by HP in C:\Users\HP\IdeaProjects\Dropbox-Clone\server)
2024-05-17T14:30:44.937+05:30  INFO 12844 --- [dropbox] [           main] c.t.dropbox.DropboxApplicationTests      : No active profile set, falling back to 1 default profile: "default"
2024-05-17T14:30:47.478+05:30  INFO 12844 --- [dropbox] [           main] .s.d.r.c.RepositoryConfigurationDelegate : Bootstrapping Spring Data JPA repositories in DEFAULT mode.
2024-05-17T14:30:47.681+05:30  INFO 12844 --- [dropbox] [           main] .s.d.r.c.RepositoryConfigurationDelegate : Finished Spring Data repository scanning in 181 ms. Found 3 JPA repository interfaces.
2024-05-17T14:30:49.423+05:30  INFO 12844 --- [dropbox] [           main] o.hibernate.jpa.internal.util.LogHelper  : HHH000204: Processing PersistenceUnitInfo [name: default]
2024-05-17T14:30:49.688+05:30  INFO 12844 --- [dropbox] [           main] org.hibernate.Version                    : HHH000412: Hibernate ORM core version 6.4.4.Final
2024-05-17T14:30:49.811+05:30  INFO 12844 --- [dropbox] [           main] o.h.c.internal.RegionFactoryInitiator    : HHH000026: Second-level cache disabled
2024-05-17T14:30:50.640+05:30  INFO 12844 --- [dropbox] [           main] o.s.o.j.p.SpringPersistenceUnitInfo      : No LoadTimeWeaver setup: ignoring JPA class transformer
2024-05-17T14:30:50.718+05:30  INFO 12844 --- [dropbox] [           main] com.zaxxer.hikari.HikariDataSource       : HikariPool-1 - Starting...
2024-05-17T14:30:53.155+05:30  INFO 12844 --- [dropbox] [           main] com.zaxxer.hikari.pool.HikariPool        : HikariPool-1 - Added connection org.postgresql.jdbc.PgConnection@42503099
2024-05-17T14:30:53.155+05:30  INFO 12844 --- [dropbox] [           main] com.zaxxer.hikari.HikariDataSource       : HikariPool-1 - Start completed.
2024-05-17T14:30:53.358+05:30  WARN 12844 --- [dropbox] [           main] org.hibernate.orm.deprecation            : HHH90000025: PostgreSQLDialect does not need to be specified explicitly using 'hibernate.dialect' (remove the property setting and it will be selected by default)
2024-05-17T14:30:55.859+05:30  INFO 12844 --- [dropbox] [           main] o.h.e.t.j.p.i.JtaPlatformInitiator       : HHH000489: No JTA platform available (set 'hibernate.transaction.jta.platform' to enable JTA platform integration)
2024-05-17T14:30:56.828+05:30  INFO 12844 --- [dropbox] [           main] j.LocalContainerEntityManagerFactoryBean : Initialized JPA EntityManagerFactory for persistence unit 'default'
2024-05-17T14:30:58.141+05:30  WARN 12844 --- [dropbox] [           main] JpaBaseConfiguration$JpaWebConfiguration : spring.jpa.open-in-view is enabled by default. Therefore, database queries may be performed during view rendering. Explicitly configure spring.jpa.open-in-view to disable this warning
2024-05-17T14:30:58.944+05:30  INFO 12844 --- [dropbox] [           main] o.s.s.web.DefaultSecurityFilterChain     : Will secure any request with [org.springframework.security.web.session.DisableEncodeUrlFilter@5e38329d, org.springframework.security.web.context.request.async.WebAsyncManagerIntegrationFilter@60be9fdf, org.springframework.security.web.context.SecurityContextHolderFilter@2f1b8770, org.springframework.security.web.header.HeaderWriterFilter@18a538a0, org.springframework.web.filter.CorsFilter@7d816d32, org.springframework.security.web.authentication.logout.LogoutFilter@546ca9da, com.thxran.dropbox.jwt.JwtFilter@5032b2e, org.springframework.security.web.savedrequest.RequestCacheAwareFilter@7c16cc25, org.springframework.security.web.servletapi.SecurityContextHolderAwareRequestFilter@4f96e484, org.springframework.security.web.authentication.AnonymousAuthenticationFilter@4f5ad6b7, org.springframework.security.web.session.SessionManagementFilter@24ffe853, org.springframework.security.web.access.ExceptionTranslationFilter@67c1fc9b, org.springframework.security.web.access.intercept.AuthorizationFilter@7c08461b]
2024-05-17T14:31:00.194+05:30  INFO 12844 --- [dropbox] [           main] c.t.dropbox.DropboxApplicationTests      : Started DropboxApplicationTests in 16.366 seconds (process running for 19.203)
]]></system-out>
    <system-err><![CDATA[WARNING: A Java agent has been loaded dynamically (C:\Users\HP\.m2\repository\net\bytebuddy\byte-buddy-agent\1.14.13\byte-buddy-agent-1.14.13.jar)
WARNING: If a serviceability tool is in use, please run with -XX:+EnableDynamicAgentLoading to hide this warning
WARNING: If a serviceability tool is not in use, please run with -Djdk.instrument.traceUsage for more information
WARNING: Dynamic loading of agents will be disallowed by default in a future release
]]></system-err>
  </testcase>
</testsuite>